AX51 MACRO ASSEMBLER  CLEAR_CHAR                                                            11/04/15 20:09:37 PAGE     1


MACRO ASSEMBLER AX51 V3.12.0.0
OBJECT MODULE PLACED IN .\obj\clear_char.obj
ASSEMBLER INVOKED BY: C:\Keil_v5\C51\BIN\AX51.EXE ..\..\..\..\firmware\project\hal\src\clear_char.A51 SET(LARGE) PRINT(.
                      \lst\clear_char.lst) OBJECT(.\obj\clear_char.obj) EP

LOC    OBJ             LINE     SOURCE

                          1     ; CLR_CHAR.A51
                          2     EXTRN BIT (?C?charloaded)
                          3     PUBLIC clear_getchar
                          4     
------                    5     ?PR?clear_getchar SEGMENT CODE
------                    6     RSEG ?PR?clear_getchar
                          7     
000000 C200       E       8     clear_getchar:    CLR  ?C?charloaded
000002 22                 9                       RET
                         10     
                         11                       END
AX51 MACRO ASSEMBLER  CLEAR_CHAR                                                            11/04/15 20:09:37 PAGE     2

SYMBOL TABLE LISTING
------ ----- -------


N A M E             T Y P E  V A L U E     ATTRIBUTES

?C?CHARLOADED. . .  B  ADDR  -------       EXT
?PR?CLEAR_GETCHAR.  C  SEG   000003H       REL=UNIT, ALN=BYTE
CLEAR_GETCHAR. . .  C  ADDR  0000H     R   SEG=?PR?CLEAR_GETCHAR


REGISTER BANK(S) USED: 0 


ASSEMBLY COMPLETE.  0 WARNING(S), 0 ERROR(S).
